<?xml version="1.0" encoding="UTF-8"?>
<!-- Generated by org.testng.reporters.JUnitXMLReporter -->
<testsuite ignored="0" hostname="Naveens-MacBook-Pro.local" failures="1" tests="7" name="Command line test" time="31.799" errors="0" timestamp="2022-12-29T12:06:33 GST">
  <testcase classname="testCases.TC_003_DataDrivenTest" name="@BeforeClass setup" time="-1.672301161596E9">
    <failure type="org.testng.TestNGException" message="
Parameter &amp;apos;browser&amp;apos; is required by BeforeClass on method setup but has not been marked @Optional or defined
">
      <![CDATA[org.testng.TestNGException: 
Parameter 'browser' is required by BeforeClass on method setup but has not been marked @Optional or defined

at java.base/java.util.ArrayList.forEach(ArrayList.java:1541)
... Removed 32 stack frames]]>
    </failure>
  </testcase> <!-- @BeforeClass setup -->
  <testcase classname="testCases.TC_002_AccountLoginTest" name="@BeforeClass setup" time="-1.672301169015E9">
    <failure type="org.testng.TestNGException" message="
Parameter &amp;apos;browser&amp;apos; is required by BeforeClass on method setup but has not been marked @Optional or defined
">
      <![CDATA[org.testng.TestNGException: 
Parameter 'browser' is required by BeforeClass on method setup but has not been marked @Optional or defined

at java.base/java.util.ArrayList.forEach(ArrayList.java:1541)
... Removed 32 stack frames]]>
    </failure>
  </testcase> <!-- @BeforeClass setup -->
  <testcase classname="testCases.TC_002_AccountLoginTest" name="@AfterClass tearDown" time="0.0">
    <skipped/>
  </testcase> <!-- @AfterClass tearDown -->
  <testcase classname="testCases.TC_003_DataDrivenTest" name="testDataDriven" time="0.0">
    <skipped/>
  </testcase> <!-- testDataDriven -->
  <testcase classname="testCases.TC_003_DataDrivenTest" name="testDataDriven" time="0.0">
    <skipped/>
  </testcase> <!-- testDataDriven -->
  <testcase classname="testCases.TC_003_DataDrivenTest" name="testDataDriven" time="0.0">
    <skipped/>
  </testcase> <!-- testDataDriven -->
  <testcase classname="testCases.TC_003_DataDrivenTest" name="testDataDriven" time="0.0">
    <skipped/>
  </testcase> <!-- testDataDriven -->
  <testcase classname="testCases.TC_003_DataDrivenTest" name="testDataDriven" time="0.001">
    <skipped/>
  </testcase> <!-- testDataDriven -->
  <testcase classname="testCases.TC_002_AccountLoginTest" name="testAccountLogin" time="0.0">
    <skipped/>
  </testcase> <!-- testAccountLogin -->
  <testcase classname="testCases.TC_001_AccountRegistrationTest" name="test_account_registration" time="5.759">
    <failure type="java.lang.AssertionError" message="expected [false] but found [true]">
      <![CDATA[java.lang.AssertionError: expected [false] but found [true]
at testCases.TC_001_AccountRegistrationTest.test_account_registration(TC_001_AccountRegistrationTest.java:56)
at java.base/java.util.ArrayList.forEach(ArrayList.java:1541)
... Removed 41 stack frames]]>
    </failure>
  </testcase> <!-- test_account_registration -->
</testsuite> <!-- Command line test -->
